<?xml version="1.0" encoding="UTF-8"?>
<!-- Generated by org.testng.reporters.JUnitXMLReporter -->
<testsuite ignored="0" hostname="OTX-BJ6DFS3" failures="2" tests="8" name="Test" time="301.448" errors="0" timestamp="2025-08-29T00:13:36 IST">
  <testcase classname="loginTest.TC002_ValidSearchFlight" name="validFlightSearch" time="79.597"/>
  <testcase classname="loginTest.TC002_ValidSearchFlight" name="validFlightSearch" time="69.737"/>
  <testcase classname="loginTest.TC002_ValidSearchFlight" name="validFlightSearch" time="48.623"/>
  <testcase classname="loginTest.TC001_LoginTest" name="validLogin" time="34.739"/>
  <testcase classname="loginTest.TC001_LoginTest" name="validLogin" time="7.219"/>
  <testcase classname="loginTest.TC001_LoginTest" name="validLogin" time="11.494">
    <failure type="java.lang.AssertionError" message="expected [Invalid Login] but found [Dashboard]">
      <![CDATA[java.lang.AssertionError: expected [Invalid Login] but found [Dashboard]
at loginTest.TC001_LoginTest.validLogin(TC001_LoginTest.java:74)
at java.base/java.util.ArrayList.forEach(ArrayList.java:1596)
... Removed 31 stack frames]]>
    </failure>
  </testcase> <!-- validLogin -->
  <testcase classname="loginTest.TC001_LoginTest" name="validLogin" time="8.6">
    <failure type="java.lang.AssertionError" message="expected [Dashboard] but found [Invalid Login]">
      <![CDATA[java.lang.AssertionError: expected [Dashboard] but found [Invalid Login]
at loginTest.TC001_LoginTest.validLogin(TC001_LoginTest.java:63)
at java.base/java.util.ArrayList.forEach(ArrayList.java:1596)
... Removed 31 stack frames]]>
    </failure>
  </testcase> <!-- validLogin -->
  <testcase classname="loginTest.TC001_LoginTest" name="validLogin" time="8.534"/>
</testsuite> <!-- Test -->
