<?xml version="1.0" encoding="UTF-8"?>
<!-- Generated by org.testng.reporters.JUnitXMLReporter -->
<testsuite ignored="0" hostname="OTX-BJ6DFS3" failures="1" tests="1" name="firefoxTest" time="0.935" errors="0" timestamp="2025-08-21T23:10:25 IST">
  <testcase classname="loginTest.TC002_InvalidLoginTest" name="InvalidLogin" time="0.067">
    <failure type="java.lang.AssertionError" message="null">
      <![CDATA[java.lang.AssertionError: null
at loginTest.TC002_InvalidLoginTest.InvalidLogin(TC002_InvalidLoginTest.java:45)
at java.base/java.util.ArrayList.forEach(ArrayList.java:1596)
at java.base/java.util.concurrent.FutureTask.run(FutureTask.java:317)
at java.base/java.util.concurrent.ThreadPoolExecutor.runWorker(ThreadPoolExecutor.java:1144)
at java.base/java.util.concurrent.ThreadPoolExecutor$Worker.run(ThreadPoolExecutor.java:642)
at java.base/java.lang.Thread.run(Thread.java:1583)
... Removed 17 stack frames]]>
    </failure>
  </testcase> <!-- InvalidLogin -->
</testsuite> <!-- firefoxTest -->
