<?xml version="1.0" encoding="UTF-8"?>
<!-- Generated by org.testng.reporters.JUnitXMLReporter -->
<testsuite ignored="0" hostname="OTX-BJ6DFS3" failures="0" tests="8" name="grouping" time="1.547" errors="0" timestamp="2025-08-29T00:06:08 IST">
  <testcase classname="testBase.BaseClass" name="@BeforeClass setUp" time="-1.756406167778E9">
    <failure type="org.testng.TestNGException" message="
Parameter &amp;apos;os&amp;apos; is required by BeforeClass on method setUp but has not been marked @Optional or defined
in C:\SeleniumWorkspace\PHPTravels-Automation-Framework\grouping.xml">
      <![CDATA[org.testng.TestNGException: 
Parameter 'os' is required by BeforeClass on method setUp but has not been marked @Optional or defined
in C:\SeleniumWorkspace\PHPTravels-Automation-Framework\grouping.xml
at java.base/java.util.ArrayList.forEach(ArrayList.java:1596)
... Removed 22 stack frames]]>
    </failure>
  </testcase> <!-- @BeforeClass setUp -->
  <testcase classname="testBase.BaseClass" name="@BeforeClass setUp" time="-1.756406168475E9">
    <failure type="org.testng.TestNGException" message="
Parameter &amp;apos;os&amp;apos; is required by BeforeClass on method setUp but has not been marked @Optional or defined
in C:\SeleniumWorkspace\PHPTravels-Automation-Framework\grouping.xml">
      <![CDATA[org.testng.TestNGException: 
Parameter 'os' is required by BeforeClass on method setUp but has not been marked @Optional or defined
in C:\SeleniumWorkspace\PHPTravels-Automation-Framework\grouping.xml
at java.base/java.util.ArrayList.forEach(ArrayList.java:1596)
... Removed 22 stack frames]]>
    </failure>
  </testcase> <!-- @BeforeClass setUp -->
  <testcase classname="loginTest.TC002_ValidSearchFlight" name="validFlightSearch" time="0.0">
    <skipped/>
  </testcase> <!-- validFlightSearch -->
  <testcase classname="loginTest.TC002_ValidSearchFlight" name="validFlightSearch" time="0.001">
    <skipped/>
  </testcase> <!-- validFlightSearch -->
  <testcase classname="loginTest.TC002_ValidSearchFlight" name="validFlightSearch" time="0.0">
    <skipped/>
  </testcase> <!-- validFlightSearch -->
  <testcase classname="loginTest.TC001_LoginTest" name="validLogin" time="0.0">
    <skipped/>
  </testcase> <!-- validLogin -->
  <testcase classname="loginTest.TC001_LoginTest" name="validLogin" time="0.0">
    <skipped/>
  </testcase> <!-- validLogin -->
  <testcase classname="loginTest.TC001_LoginTest" name="validLogin" time="0.0">
    <skipped/>
  </testcase> <!-- validLogin -->
  <testcase classname="loginTest.TC001_LoginTest" name="validLogin" time="0.0">
    <skipped/>
  </testcase> <!-- validLogin -->
  <testcase classname="loginTest.TC001_LoginTest" name="validLogin" time="0.0">
    <skipped/>
  </testcase> <!-- validLogin -->
</testsuite> <!-- grouping -->
