<?xml version="1.0" encoding="UTF-8"?>
<!-- Generated by org.testng.reporters.JUnitXMLReporter -->
<testsuite ignored="0" hostname="OTX-BJ6DFS3" failures="0" tests="4" name="Test" time="681.985" errors="0" timestamp="2025-08-31T18:14:26 IST">
  <testcase classname="loginTest.TC002_ValidSearchFlight" name="validFlightSearch" time="135.969"/>
  <testcase classname="loginTest.TC002_ValidSearchFlight" name="validFlightSearch" time="125.911"/>
  <testcase classname="loginTest.TC002_ValidSearchFlight" name="validFlightSearch" time="93.733"/>
  <testcase classname="loginTest.TC002_ValidSearchFlight" name="validFlightSearch" time="311.316"/>
</testsuite> <!-- Test -->
