<?xml version="1.0" encoding="UTF-8"?>
<!-- Generated by org.testng.reporters.JUnitReportReporter -->
<testsuite hostname="OTX-BJ6DFS3" failures="0" tests="4" name="loginTest.TC002_ValidSearchFlight" time="666.929" errors="0" timestamp="2025-08-31T18:14:27 IST" skipped="0">
  <testcase classname="loginTest.TC002_ValidSearchFlight" name="validFlightSearch" time="125.911"/>
  <testcase classname="loginTest.TC002_ValidSearchFlight" name="validFlightSearch" time="93.733"/>
  <testcase classname="loginTest.TC002_ValidSearchFlight" name="validFlightSearch" time="311.316"/>
  <testcase classname="loginTest.TC002_ValidSearchFlight" name="validFlightSearch" time="135.969"/>
</testsuite> <!-- loginTest.TC002_ValidSearchFlight -->
